00:34:22: Creating resource group General
00:34:22: Creating resource group Internal
00:34:22: Creating resource group Autodetect
00:34:22: SceneManagerFactory for type 'DefaultSceneManager' registered.
00:34:22: Registering ResourceManager for type Material
00:34:22: Registering ResourceManager for type Mesh
00:34:22: Registering ResourceManager for type Skeleton
00:34:22: MovableObjectFactory for type 'ParticleSystem' registered.
00:34:22: ArchiveFactory for archive type FileSystem registered.
00:34:22: ArchiveFactory for archive type Zip registered.
00:34:22: ArchiveFactory for archive type EmbeddedZip registered.
00:34:22: DDS codec registering
00:34:22: FreeImage version: 3.15.1
00:34:22: This program uses FreeImage, a free, open source image library supporting all common bitmap formats. See http://freeimage.sourceforge.net for details
00:34:22: Supported formats: bmp,ico,jpg,jif,jpeg,jpe,jng,koa,iff,lbm,mng,pbm,pbm,pcd,pcx,pgm,pgm,png,ppm,ppm,ras,tga,targa,tif,tiff,wap,wbmp,wbm,psd,cut,xbm,xpm,gif,hdr,g3,sgi,exr,j2k,j2c,jp2,pfm,pct,pict,pic,3fr,arw,bay,bmq,cap,cine,cr2,crw,cs1,dc2,dcr,drf,dsc,dng,erf,fff,ia,iiq,k25,kc2,kdc,mdc,mef,mos,mrw,nef,nrw,orf,pef,ptx,pxn,qtk,raf,raw,rdc,rw2,rwl,rwz,sr2,srf,sti
00:34:22: Registering ResourceManager for type HighLevelGpuProgram
00:34:22: Registering ResourceManager for type Compositor
00:34:22: MovableObjectFactory for type 'Entity' registered.
00:34:22: MovableObjectFactory for type 'Light' registered.
00:34:22: MovableObjectFactory for type 'BillboardSet' registered.
00:34:22: MovableObjectFactory for type 'ManualObject' registered.
00:34:22: MovableObjectFactory for type 'BillboardChain' registered.
00:34:22: MovableObjectFactory for type 'RibbonTrail' registered.
00:34:22: OGRE EXCEPTION(6:FileNotFoundException): 'plugins.cfg' file not found! in ConfigFile::load at /home/christian/libs/Ogre/ogre/OgreMain/src/OgreConfigFile.cpp (line 88)
00:34:22: plugins.cfg not found, automatic plugin loading disabled.
00:34:22: *-*-* OGRE Initialising
00:34:22: *-*-* Version 1.10.0unstable (Xalafu)
00:34:22: Sorry, no rendersystem was found.
